{"D:\\vishal\\Backend fr svelte\\index.js": {"path":"D:\\vishal\\Backend fr svelte\\index.js","statementMap":{"0":{"start":{"line":1,"column":16},"end":{"line":1,"column":34}},"1":{"start":{"line":2,"column":17},"end":{"line":2,"column":36}},"2":{"start":{"line":3,"column":15},"end":{"line":3,"column":32}},"3":{"start":{"line":4,"column":19},"end":{"line":4,"column":41}},"4":{"start":{"line":5,"column":15},"end":{"line":5,"column":32}},"5":{"start":{"line":6,"column":19},"end":{"line":6,"column":48}},"6":{"start":{"line":7,"column":13},"end":{"line":7,"column":28}},"7":{"start":{"line":8,"column":19},"end":{"line":8,"column":49}},"8":{"start":{"line":9,"column":22},"end":{"line":9,"column":55}},"9":{"start":{"line":10,"column":13},"end":{"line":10,"column":28}},"10":{"start":{"line":13,"column":12},"end":{"line":13,"column":21}},"11":{"start":{"line":14,"column":0},"end":{"line":14,"column":16}},"12":{"start":{"line":15,"column":0},"end":{"line":15,"column":42}},"13":{"start":{"line":16,"column":0},"end":{"line":24,"column":2}},"14":{"start":{"line":25,"column":0},"end":{"line":25,"column":70}},"15":{"start":{"line":26,"column":0},"end":{"line":26,"column":26}},"16":{"start":{"line":27,"column":0},"end":{"line":27,"column":49}},"17":{"start":{"line":30,"column":0},"end":{"line":34,"column":2}},"18":{"start":{"line":49,"column":0},"end":{"line":49,"column":33}},"19":{"start":{"line":50,"column":0},"end":{"line":50,"column":35}},"20":{"start":{"line":53,"column":0},"end":{"line":59,"column":3}},"21":{"start":{"line":54,"column":2},"end":{"line":58,"column":5}},"22":{"start":{"line":64,"column":0},"end":{"line":66,"column":2}},"23":{"start":{"line":65,"column":4},"end":{"line":65,"column":38}},"24":{"start":{"line":68,"column":0},"end":{"line":68,"column":20}}},"fnMap":{"0":{"name":"(anonymous_0)","decl":{"start":{"line":53,"column":8},"end":{"line":53,"column":9}},"loc":{"start":{"line":53,"column":28},"end":{"line":59,"column":1}},"line":53},"1":{"name":"(anonymous_1)","decl":{"start":{"line":64,"column":17},"end":{"line":64,"column":18}},"loc":{"start":{"line":64,"column":21},"end":{"line":66,"column":1}},"line":64}},"branchMap":{},"s":{"0":1,"1":1,"2":1,"3":1,"4":1,"5":1,"6":1,"7":1,"8":1,"9":1,"10":1,"11":1,"12":1,"13":1,"14":1,"15":1,"16":1,"17":1,"18":1,"19":1,"20":1,"21":1,"22":1,"23":1,"24":1},"f":{"0":1,"1":1},"b":{},"_coverageSchema":"1a1c01bbd47fc00a2c39e90264f33305004495a9","hash":"53a08ba343f62d93b06153866515a87d95fc0d0a"}
,"D:\\vishal\\Backend fr svelte\\controller\\gqlTodoController.js": {"path":"D:\\vishal\\Backend fr svelte\\controller\\gqlTodoController.js","statementMap":{"0":{"start":{"line":1,"column":42},"end":{"line":1,"column":83}},"1":{"start":{"line":2,"column":15},"end":{"line":2,"column":42}},"2":{"start":{"line":3,"column":33},"end":{"line":3,"column":51}},"3":{"start":{"line":5,"column":15},"end":{"line":16,"column":2}},"4":{"start":{"line":18,"column":13},"end":{"line":46,"column":1}},"5":{"start":{"line":20,"column":4},"end":{"line":27,"column":5}},"6":{"start":{"line":21,"column":20},"end":{"line":21,"column":49}},"7":{"start":{"line":22,"column":6},"end":{"line":22,"column":19}},"8":{"start":{"line":24,"column":6},"end":{"line":24,"column":27}},"9":{"start":{"line":26,"column":6},"end":{"line":26,"column":46}},"10":{"start":{"line":31,"column":4},"end":{"line":44,"column":5}},"11":{"start":{"line":32,"column":19},"end":{"line":36,"column":8}},"12":{"start":{"line":37,"column":6},"end":{"line":37,"column":18}},"13":{"start":{"line":39,"column":6},"end":{"line":42,"column":7}},"14":{"start":{"line":41,"column":8},"end":{"line":41,"column":38}},"15":{"start":{"line":43,"column":6},"end":{"line":43,"column":46}},"16":{"start":{"line":48,"column":0},"end":{"line":79,"column":2}},"17":{"start":{"line":49,"column":2},"end":{"line":78,"column":3}},"18":{"start":{"line":50,"column":19},"end":{"line":54,"column":6}},"19":{"start":{"line":57,"column":4},"end":{"line":63,"column":5}},"20":{"start":{"line":58,"column":8},"end":{"line":62,"column":13}},"21":{"start":{"line":64,"column":14},"end":{"line":64,"column":41}},"22":{"start":{"line":65,"column":4},"end":{"line":70,"column":7}},"23":{"start":{"line":73,"column":4},"end":{"line":77,"column":7}}},"fnMap":{"0":{"name":"(anonymous_0)","decl":{"start":{"line":19,"column":9},"end":{"line":19,"column":10}},"loc":{"start":{"line":19,"column":21},"end":{"line":28,"column":3}},"line":19},"1":{"name":"(anonymous_1)","decl":{"start":{"line":30,"column":12},"end":{"line":30,"column":13}},"loc":{"start":{"line":30,"column":30},"end":{"line":45,"column":3}},"line":30},"2":{"name":"(anonymous_2)","decl":{"start":{"line":48,"column":25},"end":{"line":48,"column":26}},"loc":{"start":{"line":48,"column":45},"end":{"line":79,"column":1}},"line":48}},"branchMap":{"0":{"loc":{"start":{"line":39,"column":6},"end":{"line":42,"column":7}},"type":"if","locations":[{"start":{"line":39,"column":6},"end":{"line":42,"column":7}},{"start":{},"end":{}}],"line":39},"1":{"loc":{"start":{"line":39,"column":10},"end":{"line":39,"column":82}},"type":"binary-expr","locations":[{"start":{"line":39,"column":10},"end":{"line":39,"column":56}},{"start":{"line":39,"column":60},"end":{"line":39,"column":82}}],"line":39},"2":{"loc":{"start":{"line":57,"column":4},"end":{"line":63,"column":5}},"type":"if","locations":[{"start":{"line":57,"column":4},"end":{"line":63,"column":5}},{"start":{},"end":{}}],"line":57}},"s":{"0":1,"1":1,"2":1,"3":1,"4":1,"5":1,"6":1,"7":1,"8":0,"9":0,"10":2,"11":2,"12":1,"13":1,"14":1,"15":0,"16":1,"17":4,"18":4,"19":4,"20":2,"21":2,"22":2,"23":0},"f":{"0":1,"1":2,"2":4},"b":{"0":[1,0],"1":[1,1],"2":[2,2]},"_coverageSchema":"1a1c01bbd47fc00a2c39e90264f33305004495a9","hash":"0f11e9688ad228b70a39b37fc0fe38d4e0ee56d7"}
,"D:\\vishal\\Backend fr svelte\\controller\\todoController.js": {"path":"D:\\vishal\\Backend fr svelte\\controller\\todoController.js","statementMap":{"0":{"start":{"line":1,"column":19},"end":{"line":1,"column":52}},"1":{"start":{"line":2,"column":15},"end":{"line":2,"column":42}},"2":{"start":{"line":3,"column":42},"end":{"line":3,"column":83}},"3":{"start":{"line":6,"column":0},"end":{"line":18,"column":1}},"4":{"start":{"line":7,"column":4},"end":{"line":17,"column":5}},"5":{"start":{"line":8,"column":23},"end":{"line":8,"column":31}},"6":{"start":{"line":9,"column":8},"end":{"line":9,"column":67}},"7":{"start":{"line":9,"column":18},"end":{"line":9,"column":67}},"8":{"start":{"line":10,"column":25},"end":{"line":12,"column":12}},"9":{"start":{"line":13,"column":8},"end":{"line":13,"column":78}},"10":{"start":{"line":16,"column":8},"end":{"line":16,"column":70}},"11":{"start":{"line":20,"column":0},"end":{"line":44,"column":2}},"12":{"start":{"line":21,"column":4},"end":{"line":43,"column":5}},"13":{"start":{"line":23,"column":21},"end":{"line":27,"column":10}},"14":{"start":{"line":29,"column":8},"end":{"line":34,"column":11}},"15":{"start":{"line":36,"column":8},"end":{"line":36,"column":69}},"16":{"start":{"line":38,"column":8},"end":{"line":41,"column":9}},"17":{"start":{"line":40,"column":12},"end":{"line":40,"column":58}},"18":{"start":{"line":42,"column":8},"end":{"line":42,"column":63}},"19":{"start":{"line":46,"column":0},"end":{"line":71,"column":2}},"20":{"start":{"line":47,"column":4},"end":{"line":70,"column":5}},"21":{"start":{"line":49,"column":8},"end":{"line":53,"column":10}},"22":{"start":{"line":55,"column":8},"end":{"line":59,"column":11}},"23":{"start":{"line":61,"column":8},"end":{"line":61,"column":69}},"24":{"start":{"line":64,"column":8},"end":{"line":67,"column":9}},"25":{"start":{"line":66,"column":12},"end":{"line":66,"column":58}},"26":{"start":{"line":69,"column":8},"end":{"line":69,"column":71}},"27":{"start":{"line":75,"column":0},"end":{"line":83,"column":1}},"28":{"start":{"line":76,"column":4},"end":{"line":82,"column":5}},"29":{"start":{"line":77,"column":25},"end":{"line":77,"column":54}},"30":{"start":{"line":78,"column":8},"end":{"line":78,"column":108}},"31":{"start":{"line":78,"column":32},"end":{"line":78,"column":108}},"32":{"start":{"line":79,"column":8},"end":{"line":79,"column":61}},"33":{"start":{"line":81,"column":8},"end":{"line":81,"column":70}},"34":{"start":{"line":86,"column":0},"end":{"line":101,"column":1}},"35":{"start":{"line":87,"column":4},"end":{"line":100,"column":5}},"36":{"start":{"line":88,"column":21},"end":{"line":92,"column":10}},"37":{"start":{"line":93,"column":8},"end":{"line":93,"column":75}},"38":{"start":{"line":95,"column":8},"end":{"line":98,"column":9}},"39":{"start":{"line":97,"column":12},"end":{"line":97,"column":58}},"40":{"start":{"line":99,"column":8},"end":{"line":99,"column":70}}},"fnMap":{"0":{"name":"(anonymous_0)","decl":{"start":{"line":6,"column":21},"end":{"line":6,"column":22}},"loc":{"start":{"line":6,"column":40},"end":{"line":18,"column":1}},"line":6},"1":{"name":"(anonymous_1)","decl":{"start":{"line":20,"column":21},"end":{"line":20,"column":22}},"loc":{"start":{"line":20,"column":41},"end":{"line":44,"column":1}},"line":20},"2":{"name":"(anonymous_2)","decl":{"start":{"line":46,"column":21},"end":{"line":46,"column":22}},"loc":{"start":{"line":46,"column":41},"end":{"line":71,"column":1}},"line":46},"3":{"name":"(anonymous_3)","decl":{"start":{"line":75,"column":21},"end":{"line":75,"column":22}},"loc":{"start":{"line":75,"column":40},"end":{"line":83,"column":1}},"line":75},"4":{"name":"(anonymous_4)","decl":{"start":{"line":86,"column":18},"end":{"line":86,"column":19}},"loc":{"start":{"line":86,"column":37},"end":{"line":101,"column":1}},"line":86}},"branchMap":{"0":{"loc":{"start":{"line":9,"column":8},"end":{"line":9,"column":67}},"type":"if","locations":[{"start":{"line":9,"column":8},"end":{"line":9,"column":67}},{"start":{},"end":{}}],"line":9},"1":{"loc":{"start":{"line":38,"column":8},"end":{"line":41,"column":9}},"type":"if","locations":[{"start":{"line":38,"column":8},"end":{"line":41,"column":9}},{"start":{},"end":{}}],"line":38},"2":{"loc":{"start":{"line":38,"column":12},"end":{"line":38,"column":84}},"type":"binary-expr","locations":[{"start":{"line":38,"column":12},"end":{"line":38,"column":58}},{"start":{"line":38,"column":62},"end":{"line":38,"column":84}}],"line":38},"3":{"loc":{"start":{"line":64,"column":8},"end":{"line":67,"column":9}},"type":"if","locations":[{"start":{"line":64,"column":8},"end":{"line":67,"column":9}},{"start":{},"end":{}}],"line":64},"4":{"loc":{"start":{"line":64,"column":12},"end":{"line":64,"column":84}},"type":"binary-expr","locations":[{"start":{"line":64,"column":12},"end":{"line":64,"column":58}},{"start":{"line":64,"column":62},"end":{"line":64,"column":84}}],"line":64},"5":{"loc":{"start":{"line":78,"column":8},"end":{"line":78,"column":108}},"type":"if","locations":[{"start":{"line":78,"column":8},"end":{"line":78,"column":108}},{"start":{},"end":{}}],"line":78},"6":{"loc":{"start":{"line":95,"column":8},"end":{"line":98,"column":9}},"type":"if","locations":[{"start":{"line":95,"column":8},"end":{"line":98,"column":9}},{"start":{},"end":{}}],"line":95},"7":{"loc":{"start":{"line":95,"column":12},"end":{"line":95,"column":84}},"type":"binary-expr","locations":[{"start":{"line":95,"column":12},"end":{"line":95,"column":58}},{"start":{"line":95,"column":62},"end":{"line":95,"column":84}}],"line":95}},"s":{"0":1,"1":1,"2":1,"3":1,"4":2,"5":2,"6":2,"7":1,"8":1,"9":1,"10":0,"11":1,"12":2,"13":2,"14":1,"15":1,"16":1,"17":1,"18":0,"19":1,"20":2,"21":2,"22":1,"23":1,"24":1,"25":1,"26":0,"27":1,"28":2,"29":2,"30":2,"31":2,"32":0,"33":0,"34":1,"35":2,"36":2,"37":1,"38":1,"39":1,"40":0},"f":{"0":2,"1":2,"2":2,"3":2,"4":2},"b":{"0":[1,1],"1":[1,0],"2":[1,1],"3":[1,0],"4":[1,1],"5":[2,0],"6":[1,0],"7":[1,1]},"_coverageSchema":"1a1c01bbd47fc00a2c39e90264f33305004495a9","hash":"dd46071166be118bb8bc4bac8a1b57b420390d61"}
,"D:\\vishal\\Backend fr svelte\\helper\\sendResponce.js": {"path":"D:\\vishal\\Backend fr svelte\\helper\\sendResponce.js","statementMap":{"0":{"start":{"line":1,"column":0},"end":{"line":7,"column":1}},"1":{"start":{"line":2,"column":4},"end":{"line":6,"column":6}}},"fnMap":{"0":{"name":"(anonymous_0)","decl":{"start":{"line":1,"column":19},"end":{"line":1,"column":20}},"loc":{"start":{"line":1,"column":63},"end":{"line":7,"column":1}},"line":1}},"branchMap":{"0":{"loc":{"start":{"line":1,"column":48},"end":{"line":1,"column":58}},"type":"default-arg","locations":[{"start":{"line":1,"column":54},"end":{"line":1,"column":58}}],"line":1}},"s":{"0":1,"1":10},"f":{"0":10},"b":{"0":[6]},"_coverageSchema":"1a1c01bbd47fc00a2c39e90264f33305004495a9","hash":"deb57f3f2c1364ecdf8b826b3b510e2257df676a"}
,"D:\\vishal\\Backend fr svelte\\prisma\\client.js": {"path":"D:\\vishal\\Backend fr svelte\\prisma\\client.js","statementMap":{"0":{"start":{"line":1,"column":25},"end":{"line":1,"column":50}},"1":{"start":{"line":2,"column":15},"end":{"line":2,"column":33}},"2":{"start":{"line":3,"column":0},"end":{"line":3,"column":23}}},"fnMap":{},"branchMap":{},"s":{"0":1,"1":1,"2":1},"f":{},"b":{},"_coverageSchema":"1a1c01bbd47fc00a2c39e90264f33305004495a9","hash":"6bdfaf6355369fb1b8f0b67a4bc2223fcf6a6602"}
,"D:\\vishal\\Backend fr svelte\\routes\\gqlTodoRoutes.js": {"path":"D:\\vishal\\Backend fr svelte\\routes\\gqlTodoRoutes.js","statementMap":{"0":{"start":{"line":1,"column":16},"end":{"line":1,"column":34}},"1":{"start":{"line":2,"column":15},"end":{"line":2,"column":31}},"2":{"start":{"line":3,"column":26},"end":{"line":3,"column":68}},"3":{"start":{"line":6,"column":0},"end":{"line":8,"column":47}},"4":{"start":{"line":11,"column":0},"end":{"line":11,"column":23}}},"fnMap":{},"branchMap":{},"s":{"0":1,"1":1,"2":1,"3":1,"4":1},"f":{},"b":{},"_coverageSchema":"1a1c01bbd47fc00a2c39e90264f33305004495a9","hash":"342c9fe8ab34c01fd4e23beabb90319e7dc1fc84"}
,"D:\\vishal\\Backend fr svelte\\routes\\todoRoutes.js": {"path":"D:\\vishal\\Backend fr svelte\\routes\\todoRoutes.js","statementMap":{"0":{"start":{"line":1,"column":16},"end":{"line":1,"column":34}},"1":{"start":{"line":2,"column":15},"end":{"line":2,"column":31}},"2":{"start":{"line":3,"column":23},"end":{"line":3,"column":62}},"3":{"start":{"line":6,"column":0},"end":{"line":9,"column":39}},"4":{"start":{"line":11,"column":0},"end":{"line":15,"column":42}},"5":{"start":{"line":17,"column":0},"end":{"line":17,"column":23}}},"fnMap":{},"branchMap":{},"s":{"0":1,"1":1,"2":1,"3":1,"4":1,"5":1},"f":{},"b":{},"_coverageSchema":"1a1c01bbd47fc00a2c39e90264f33305004495a9","hash":"7ddf57100c47b21a2fc7970a521e071fc39697d9"}
}
