TN:
SF:index.js
FN:53,(anonymous_0)
FN:64,(anonymous_1)
FNF:2
FNH:2
FNDA:1,(anonymous_0)
FNDA:1,(anonymous_1)
DA:1,1
DA:2,1
DA:3,1
DA:4,1
DA:5,1
DA:6,1
DA:7,1
DA:8,1
DA:9,1
DA:10,1
DA:13,1
DA:14,1
DA:15,1
DA:16,1
DA:25,1
DA:26,1
DA:27,1
DA:30,1
DA:49,1
DA:50,1
DA:53,1
DA:54,1
DA:64,1
DA:65,1
DA:68,1
LF:25
LH:25
BRF:0
BRH:0
end_of_record
TN:
SF:controller\gqlTodoController.js
FN:19,(anonymous_0)
FN:30,(anonymous_1)
FN:48,(anonymous_2)
FNF:3
FNH:3
FNDA:1,(anonymous_0)
FNDA:2,(anonymous_1)
FNDA:4,(anonymous_2)
DA:1,1
DA:2,1
DA:3,1
DA:5,1
DA:18,1
DA:20,1
DA:21,1
DA:22,1
DA:24,0
DA:26,0
DA:31,2
DA:32,2
DA:37,1
DA:39,1
DA:41,1
DA:43,0
DA:48,1
DA:49,4
DA:50,4
DA:57,4
DA:58,2
DA:64,2
DA:65,2
DA:73,0
LF:24
LH:20
BRDA:39,0,0,1
BRDA:39,0,1,0
BRDA:39,1,0,1
BRDA:39,1,1,1
BRDA:57,2,0,2
BRDA:57,2,1,2
BRF:6
BRH:5
end_of_record
TN:
SF:controller\todoController.js
FN:6,(anonymous_0)
FN:20,(anonymous_1)
FN:46,(anonymous_2)
FN:75,(anonymous_3)
FN:86,(anonymous_4)
FNF:5
FNH:5
FNDA:2,(anonymous_0)
FNDA:2,(anonymous_1)
FNDA:2,(anonymous_2)
FNDA:2,(anonymous_3)
FNDA:2,(anonymous_4)
DA:1,1
DA:2,1
DA:3,1
DA:6,1
DA:7,2
DA:8,2
DA:9,2
DA:10,1
DA:13,1
DA:16,0
DA:20,1
DA:21,2
DA:23,2
DA:29,1
DA:36,1
DA:38,1
DA:40,1
DA:42,0
DA:46,1
DA:47,2
DA:49,2
DA:55,1
DA:61,1
DA:64,1
DA:66,1
DA:69,0
DA:75,1
DA:76,2
DA:77,2
DA:78,2
DA:79,0
DA:81,0
DA:86,1
DA:87,2
DA:88,2
DA:93,1
DA:95,1
DA:97,1
DA:99,0
LF:39
LH:33
BRDA:9,0,0,1
BRDA:9,0,1,1
BRDA:38,1,0,1
BRDA:38,1,1,0
BRDA:38,2,0,1
BRDA:38,2,1,1
BRDA:64,3,0,1
BRDA:64,3,1,0
BRDA:64,4,0,1
BRDA:64,4,1,1
BRDA:78,5,0,2
BRDA:78,5,1,0
BRDA:95,6,0,1
BRDA:95,6,1,0
BRDA:95,7,0,1
BRDA:95,7,1,1
BRF:16
BRH:12
end_of_record
TN:
SF:helper\sendResponce.js
FN:1,(anonymous_0)
FNF:1
FNH:1
FNDA:10,(anonymous_0)
DA:1,1
DA:2,10
LF:2
LH:2
BRDA:1,0,0,6
BRF:1
BRH:1
end_of_record
TN:
SF:prisma\client.js
FNF:0
FNH:0
DA:1,1
DA:2,1
DA:3,1
LF:3
LH:3
BRF:0
BRH:0
end_of_record
TN:
SF:routes\gqlTodoRoutes.js
FNF:0
FNH:0
DA:1,1
DA:2,1
DA:3,1
DA:6,1
DA:11,1
LF:5
LH:5
BRF:0
BRH:0
end_of_record
TN:
SF:routes\todoRoutes.js
FNF:0
FNH:0
DA:1,1
DA:2,1
DA:3,1
DA:6,1
DA:11,1
DA:17,1
LF:6
LH:6
BRF:0
BRH:0
end_of_record
